#
# A fatal error has been detected by the Java Runtime Environment:
#
#  EXCEPTION_ACCESS_VIOLATION (0xc0000005) at pc=0x000000000349c940, pid=5996, tid=0x0000000000001f94
#
# JRE version: OpenJDK Runtime Environment (8.0_282-b08) (build 1.8.0_282-b08)
# Java VM: OpenJDK 64-Bit Server VM (25.282-b08 mixed mode windows-amd64 compressed oops)
# Problematic frame:
# J 512  java.lang.Throwable.fillInStackTrace(I)Ljava/lang/Throwable; (0 bytes) @ 0x000000000349c940 [0x000000000349c800+0x140]
#
# Failed to write core dump. Minidumps are not enabled by default on client versions of Windows
#
# If you would like to submit a bug report, please visit:
#   http://bugreport.java.com/bugreport/crash.jsp
#

---------------  T H R E A D  ---------------

Current thread (0x000000001804e000):  JavaThread "Daemon worker" [_thread_in_Java, id=8084, stack(0x0000000019cd0000,0x0000000019dd0000)]

siginfo: ExceptionCode=0xc0000005, reading address 0x0000000052996d39

Registers:
RAX=0x0000000019dcc5b0, RBX=0x0000000013d1c500, RCX=0x0000000000000e00, RDX=0x00000000f8916198
RSP=0x0000000019dcc590, RBP=0x0000000019dcc5f0, RSI=0x00000000f8915dd8, RDI=0x0000000011f40000
R8 =0x0000000000000002, R9 =0x00000000e0001cd0, R10=0x0000000001820000, R11=0x000000000000000c
R12=0x0000000000000000, R13=0x00000000f8916058, R14=0x0000000019dcc6e0, R15=0x000000001804e000
RIP=0x000000000349c940, EFLAGS=0x0000000000010202

Top of Stack: (sp=0x0000000019dcc590)
0x0000000019dcc590:   0000000019dcc5f0 000000001e2c7ed0
0x0000000019dcc5a0:   000000001e2c8328 0000000000004000
0x0000000019dcc5b0:   00000000f8915dd8 00000000e0b23fb0
0x0000000019dcc5c0:   00000000e03f4768 00000000f8915670
0x0000000019dcc5d0:   00000000f89156d0 0000000000000000
0x0000000019dcc5e0:   00000000f8915d98 0000000000000000
0x0000000019dcc5f0:   00000000f8915dd8 000000000384f330
0x0000000019dcc600:   00000000f8916070 0000000003457112
0x0000000019dcc610:   0000000000000000 0000000000000000
0x0000000019dcc620:   0000000000000010 0000000000000000
0x0000000019dcc630:   00000000f8916058 0000002200000000
0x0000000019dcc640:   0000000019dcc818 0000000003a16bec
0x0000000019dcc650:   0000000400000001 00000000e0acced8
0x0000000019dcc660:   0000000019dcc818 00000000039c8364
0x0000000019dcc670:   00000000f8915dd8 00000000f89160a8
0x0000000019dcc680:   0000000011f40000 00000000034dbacd 

Instructions: (pc=0x000000000349c940)
0x000000000349c920:   48 8b 45 f8 41 c7 87 c8 02 00 00 08 00 00 00 41
0x000000000349c930:   81 bf f4 02 00 00 01 00 00 00 0f 84 b3 00 00 00
0x000000000349c940:   80 3d f2 a3 4f 4f 00 0f 84 40 00 00 4f 48 89 45
0x000000000349c950:   f8 48 ba 88 4f d1 13 00 00 00 00 49 00 cf 48 83 


Register to memory mapping:

RAX=0x0000000019dcc5b0 is pointing into the stack for thread: 0x000000001804e000
RBX={method} {0x0000000013d1c508} 'fillInStackTrace' '()Ljava/lang/Throwable;' in 'java/lang/Throwable'
RCX=0x0000000000000e00 is an unknown value
RDX=0x00000000f8916198 is an oop
[Ljava.lang.Object; 
 - klass: 'java/lang/Object'[]
 - length: 5
RSP=0x0000000019dcc590 is pointing into the stack for thread: 0x000000001804e000
RBP=0x0000000019dcc5f0 is pointing into the stack for thread: 0x000000001804e000
RSI=0x00000000f8915dd8 is an oop
java.lang.NoSuchMethodException 
 - klass: 'java/lang/NoSuchMethodException'
RDI=0x0000000011f40000 is an unknown value
R8 =0x0000000000000002 is an unknown value
R9 =0x00000000e0001cd0 is an oop
java.lang.Class 
 - klass: 'java/lang/Class'
R10=0x0000000001820000 is an unknown value
R11=0x000000000000000c is an unknown value
R12=0x0000000000000000 is an unknown value
R13=0x00000000f8916058 is an oop
java.lang.String 
 - klass: 'java/lang/String'
R14=0x0000000019dcc6e0 is pointing into the stack for thread: 0x000000001804e000
R15=0x000000001804e000 is a thread


Stack: [0x0000000019cd0000,0x0000000019dd0000],  sp=0x0000000019dcc590,  free space=1009k
Native frames: (J=compiled Java code, j=interpreted, Vv=VM code, C=native code)
C  0x000000000349c940

Java frames: (J=compiled Java code, j=interpreted, Vv=VM code)
J 512  java.lang.Throwable.fillInStackTrace(I)Ljava/lang/Throwable; (0 bytes) @ 0x000000000349c83b [0x000000000349c800+0x3b]
J 1675 C2 java.lang.Throwable.fillInStackTrace()Ljava/lang/Throwable; (29 bytes) @ 0x000000000384f330 [0x000000000384f2a0+0x90]
J 2200 C1 java.lang.Throwable.<init>(Ljava/lang/String;)V (34 bytes) @ 0x0000000003a16bec [0x0000000003a16a40+0x1ac]
J 2127 C1 java.lang.NoSuchMethodException.<init>(Ljava/lang/String;)V (6 bytes) @ 0x00000000039c8d4c [0x00000000039c8c40+0x10c]
J 1988 C1 java.lang.Class.getMethod(Ljava/lang/String;[Ljava/lang/Class;)Ljava/lang/reflect/Method; (64 bytes) @ 0x0000000003950c7c [0x00000000039502a0+0x9dc]
j  org.apache.commons.lang.reflect.MethodUtils.getMatchingAccessibleMethod(Ljava/lang/Class;Ljava/lang/String;[Ljava/lang/Class;)Ljava/lang/reflect/Method;+3
j  org.gradle.internal.reflect.JavaPropertyReflectionUtil.writeablePropertyIfExists(Ljava/lang/Class;Ljava/lang/String;Ljava/lang/Class;)Lorg/gradle/internal/reflect/PropertyMutator;+17
j  org.gradle.initialization.ProjectPropertySettingBuildLoader$CachingPropertyApplicator.configureProperty(Lorg/gradle/api/Project;Ljava/lang/String;Ljava/lang/Object;)V+104
j  org.gradle.initialization.ProjectPropertySettingBuildLoader.addPropertiesToProject(Lorg/gradle/api/Project;Lorg/gradle/initialization/ProjectPropertySettingBuildLoader$CachingPropertyApplicator;)V+151
j  org.gradle.initialization.ProjectPropertySettingBuildLoader.setProjectProperties(Lorg/gradle/api/Project;Lorg/gradle/initialization/ProjectPropertySettingBuildLoader$CachingPropertyApplicator;)V+3
j  org.gradle.initialization.ProjectPropertySettingBuildLoader.load(Lorg/gradle/api/internal/SettingsInternal;Lorg/gradle/api/internal/GradleInternal;)V+26
j  org.gradle.initialization.NotifyingBuildLoader$2.call(Lorg/gradle/internal/operations/BuildOperationContext;)Ljava/lang/Void;+15
j  org.gradle.initialization.NotifyingBuildLoader$2.call(Lorg/gradle/internal/operations/BuildOperationContext;)Ljava/lang/Object;+2
j  org.gradle.internal.operations.DefaultBuildOperationExecutor$CallableBuildOperationWorker.execute(Lorg/gradle/internal/operations/CallableBuildOperation;Lorg/gradle/internal/operations/BuildOperationContext;)V+3
j  org.gradle.internal.operations.DefaultBuildOperationExecutor$CallableBuildOperationWorker.execute(Lorg/gradle/internal/operations/BuildOperation;Lorg/gradle/internal/operations/BuildOperationContext;)V+6
j  org.gradle.internal.operations.DefaultBuildOperationExecutor$1.execute(Lorg/gradle/internal/operations/BuildOperationDescriptor;Lorg/gradle/internal/operations/DefaultBuildOperationExecutor$DefaultBuildOperationContext;Lorg/gradle/internal/operations/DefaultBuildOperationExecutor$BuildOperationExecutionListener;)Lorg/gradle/internal/operations/BuildOperation;+18
j  org.gradle.internal.operations.DefaultBuildOperationExecutor.execute(Lorg/gradle/internal/operations/BuildOperationDescriptor$Builder;Lorg/gradle/internal/operations/DefaultBuildOperationExecutor$BuildOperationState;Lorg/gradle/internal/operations/DefaultBuildOperationExecutor$BuildOperationExecution;)Lorg/gradle/internal/operations/BuildOperation;+105
j  org.gradle.internal.operations.DefaultBuildOperationExecutor.execute(Lorg/gradle/internal/operations/BuildOperation;Lorg/gradle/internal/operations/BuildOperationWorker;Lorg/gradle/internal/operations/DefaultBuildOperationExecutor$BuildOperationState;)V+22
j  org.gradle.internal.operations.DefaultBuildOperationExecutor.call(Lorg/gradle/internal/operations/CallableBuildOperation;)Ljava/lang/Object;+16
j  org.gradle.internal.operations.DelegatingBuildOperationExecutor.call(Lorg/gradle/internal/operations/CallableBuildOperation;)Ljava/lang/Object;+5
j  org.gradle.initialization.NotifyingBuildLoader.load(Lorg/gradle/api/internal/SettingsInternal;Lorg/gradle/api/internal/GradleInternal;)V+25
j  org.gradle.configuration.DefaultProjectsPreparer.prepareProjects(Lorg/gradle/api/internal/GradleInternal;)V+16
j  org.gradle.configuration.BuildOperatingFiringProjectsPreparer$ConfigureBuild.run(Lorg/gradle/internal/operations/BuildOperationContext;)V+11
j  org.gradle.internal.operations.DefaultBuildOperationExecutor$RunnableBuildOperationWorker.execute(Lorg/gradle/internal/operations/RunnableBuildOperation;Lorg/gradle/internal/operations/BuildOperationContext;)V+2
j  org.gradle.internal.operations.DefaultBuildOperationExecutor$RunnableBuildOperationWorker.execute(Lorg/gradle/internal/operations/BuildOperation;Lorg/gradle/internal/operations/BuildOperationContext;)V+6
j  org.gradle.internal.operations.DefaultBuildOperationExecutor$1.execute(Lorg/gradle/internal/operations/BuildOperationDescriptor;Lorg/gradle/internal/operations/DefaultBuildOperationExecutor$DefaultBuildOperationContext;Lorg/gradle/internal/operations/DefaultBuildOperationExecutor$BuildOperationExecutionListener;)Lorg/gradle/internal/operations/BuildOperation;+18
j  org.gradle.internal.operations.DefaultBuildOperationExecutor.execute(Lorg/gradle/internal/operations/BuildOperationDescriptor$Builder;Lorg/gradle/internal/operations/DefaultBuildOperationExecutor$BuildOperationState;Lorg/gradle/internal/operations/DefaultBuildOperationExecutor$BuildOperationExecution;)Lorg/gradle/internal/operations/BuildOperation;+105
j  org.gradle.internal.operations.DefaultBuildOperationExecutor.execute(Lorg/gradle/internal/operations/BuildOperation;Lorg/gradle/internal/operations/BuildOperationWorker;Lorg/gradle/internal/operations/DefaultBuildOperationExecutor$BuildOperationState;)V+22
j  org.gradle.internal.operations.DefaultBuildOperationExecutor.run(Lorg/gradle/internal/operations/RunnableBuildOperation;)V+10
j  org.gradle.internal.operations.DelegatingBuildOperationExecutor.run(Lorg/gradle/internal/operations/RunnableBuildOperation;)V+5
j  org.gradle.configuration.BuildOperatingFiringProjectsPreparer.prepareProjects(Lorg/gradle/api/internal/GradleInternal;)V+13
j  org.gradle.initialization.DefaultGradleLauncher.prepareProjects()V+40
j  org.gradle.initialization.DefaultGradleLauncher.doClassicBuildStages(Lorg/gradle/initialization/DefaultGradleLauncher$Stage;)V+29
j  org.gradle.initialization.DefaultGradleLauncher.doBuildStages(Lorg/gradle/initialization/DefaultGradleLauncher$Stage;)V+45
j  org.gradle.initialization.DefaultGradleLauncher.executeTasks()Lorg/gradle/api/internal/GradleInternal;+4
j  org.gradle.internal.invocation.GradleBuildController$$Lambda$52.execute(Ljava/lang/Object;)V+4
j  org.gradle.internal.invocation.GradleBuildController$1.create()Lorg/gradle/api/internal/GradleInternal;+31
j  org.gradle.internal.invocation.GradleBuildController$1.create()Ljava/lang/Object;+1
j  org.gradle.internal.work.DefaultWorkerLeaseService.withLocks(Ljava/lang/Iterable;Lorg/gradle/internal/Factory;)Ljava/lang/Object;+26
j  org.gradle.internal.work.StopShieldingWorkerLeaseService.withLocks(Ljava/lang/Iterable;Lorg/gradle/internal/Factory;)Ljava/lang/Object;+6
j  org.gradle.internal.invocation.GradleBuildController.doBuild(Lorg/gradle/api/internal/GradleInternal$BuildType;Lorg/gradle/api/Action;)Lorg/gradle/api/internal/GradleInternal;+26
j  org.gradle.internal.invocation.GradleBuildController.run()Lorg/gradle/api/internal/GradleInternal;+9
j  org.gradle.tooling.internal.provider.ExecuteBuildActionRunner.run(Lorg/gradle/internal/invocation/BuildAction;Lorg/gradle/internal/invocation/BuildController;)Lorg/gradle/internal/invocation/BuildActionRunner$Result;+12
j  org.gradle.launcher.exec.ChainingBuildActionRunner.run(Lorg/gradle/internal/invocation/BuildAction;Lorg/gradle/internal/invocation/BuildController;)Lorg/gradle/internal/invocation/BuildActionRunner$Result;+34
j  org.gradle.launcher.exec.BuildOutcomeReportingBuildActionRunner.run(Lorg/gradle/internal/invocation/BuildAction;Lorg/gradle/internal/invocation/BuildController;)Lorg/gradle/internal/invocation/BuildActionRunner$Result;+143
j  org.gradle.tooling.internal.provider.ValidatingBuildActionRunner.run(Lorg/gradle/internal/invocation/BuildAction;Lorg/gradle/internal/invocation/BuildController;)Lorg/gradle/internal/invocation/BuildActionRunner$Result;+6
j  org.gradle.launcher.exec.BuildCompletionNotifyingBuildActionRunner.run(Lorg/gradle/internal/invocation/BuildAction;Lorg/gradle/internal/invocation/BuildController;)Lorg/gradle/internal/invocation/BuildActionRunner$Result;+28
j  org.gradle.launcher.exec.RunAsBuildOperationBuildActionRunner$3.call(Lorg/gradle/internal/operations/BuildOperationContext;)Lorg/gradle/internal/invocation/BuildActionRunner$Result;+95
j  org.gradle.launcher.exec.RunAsBuildOperationBuildActionRunner$3.call(Lorg/gradle/internal/operations/BuildOperationContext;)Ljava/lang/Object;+2
j  org.gradle.internal.operations.DefaultBuildOperationExecutor$CallableBuildOperationWorker.execute(Lorg/gradle/internal/operations/CallableBuildOperation;Lorg/gradle/internal/operations/BuildOperationContext;)V+3
j  org.gradle.internal.operations.DefaultBuildOperationExecutor$CallableBuildOperationWorker.execute(Lorg/gradle/internal/operations/BuildOperation;Lorg/gradle/internal/operations/BuildOperationContext;)V+6
j  org.gradle.internal.operations.DefaultBuildOperationExecutor$1.execute(Lorg/gradle/internal/operations/BuildOperationDescriptor;Lorg/gradle/internal/operations/DefaultBuildOperationExecutor$DefaultBuildOperationContext;Lorg/gradle/internal/operations/DefaultBuildOperationExecutor$BuildOperationExecutionListener;)Lorg/gradle/internal/operations/BuildOperation;+18
j  org.gradle.internal.operations.DefaultBuildOperationExecutor.execute(Lorg/gradle/internal/operations/BuildOperationDescriptor$Builder;Lorg/gradle/internal/operations/DefaultBuildOperationExecutor$BuildOperationState;Lorg/gradle/internal/operations/DefaultBuildOperationExecutor$BuildOperationExecution;)Lorg/gradle/internal/operations/BuildOperation;+105
j  org.gradle.internal.operations.DefaultBuildOperationExecutor.execute(Lorg/gradle/internal/operations/BuildOperation;Lorg/gradle/internal/operations/BuildOperationWorker;Lorg/gradle/internal/operations/DefaultBuildOperationExecutor$BuildOperationState;)V+22
j  org.gradle.internal.operations.DefaultBuildOperationExecutor.call(Lorg/gradle/internal/operations/CallableBuildOperation;)Ljava/lang/Object;+16
j  org.gradle.internal.operations.DelegatingBuildOperationExecutor.call(Lorg/gradle/internal/operations/CallableBuildOperation;)Ljava/lang/Object;+5
j  org.gradle.launcher.exec.RunAsBuildOperationBuildActionRunner.run(Lorg/gradle/internal/invocation/BuildAction;Lorg/gradle/internal/invocation/BuildController;)Lorg/gradle/internal/invocation/BuildActionRunner$Result;+33
j  org.gradle.launcher.exec.InProcessBuildActionExecuter$1.transform(Lorg/gradle/internal/invocation/BuildController;)Lorg/gradle/launcher/exec/BuildActionResult;+12
j  org.gradle.launcher.exec.InProcessBuildActionExecuter$1.transform(Ljava/lang/Object;)Ljava/lang/Object;+5
j  org.gradle.composite.internal.DefaultRootBuildState.run(Lorg/gradle/api/Transformer;)Ljava/lang/Object;+43
j  org.gradle.launcher.exec.InProcessBuildActionExecuter.execute(Lorg/gradle/internal/invocation/BuildAction;Lorg/gradle/initialization/BuildRequestContext;Lorg/gradle/launcher/exec/BuildActionParameters;Lorg/gradle/internal/service/ServiceRegistry;)Lorg/gradle/launcher/exec/BuildActionResult;+82
j  org.gradle.launcher.exec.InProcessBuildActionExecuter.execute(Lorg/gradle/internal/invocation/BuildAction;Lorg/gradle/initialization/BuildRequestContext;Ljava/lang/Object;Lorg/gradle/internal/service/ServiceRegistry;)Lorg/gradle/launcher/exec/BuildActionResult;+9
j  org.gradle.launcher.exec.BuildTreeScopeBuildActionExecuter.execute(Lorg/gradle/internal/invocation/BuildAction;Lorg/gradle/initialization/BuildRequestContext;Lorg/gradle/launcher/exec/BuildActionParameters;Lorg/gradle/internal/service/ServiceRegistry;)Lorg/gradle/launcher/exec/BuildActionResult;+38
j  org.gradle.launcher.exec.BuildTreeScopeBuildActionExecuter.execute(Lorg/gradle/internal/invocation/BuildAction;Lorg/gradle/initialization/BuildRequestContext;Ljava/lang/Object;Lorg/gradle/internal/service/ServiceRegistry;)Lorg/gradle/launcher/exec/BuildActionResult;+9
j  org.gradle.tooling.internal.provider.ContinuousBuildActionExecuter.execute(Lorg/gradle/internal/invocation/BuildAction;Lorg/gradle/initialization/BuildRequestContext;Lorg/gradle/launcher/exec/BuildActionParameters;Lorg/gradle/internal/service/ServiceRegistry;)Lorg/gradle/launcher/exec/BuildActionResult;+58
j  org.gradle.tooling.internal.provider.ContinuousBuildActionExecuter.execute(Lorg/gradle/internal/invocation/BuildAction;Lorg/gradle/initialization/BuildRequestContext;Ljava/lang/Object;Lorg/gradle/internal/service/ServiceRegistry;)Lorg/gradle/launcher/exec/BuildActionResult;+9
j  org.gradle.tooling.internal.provider.SubscribableBuildActionExecuter.execute(Lorg/gradle/internal/invocation/BuildAction;Lorg/gradle/initialization/BuildRequestContext;Lorg/gradle/launcher/exec/BuildActionParameters;Lorg/gradle/internal/service/ServiceRegistry;)Lorg/gradle/launcher/exec/BuildActionResult;+41
j  org.gradle.tooling.internal.provider.SubscribableBuildActionExecuter.execute(Lorg/gradle/internal/invocation/BuildAction;Lorg/gradle/initialization/BuildRequestContext;Ljava/lang/Object;Lorg/gradle/internal/service/ServiceRegistry;)Lorg/gradle/launcher/exec/BuildActionResult;+9
j  org.gradle.tooling.internal.provider.SessionScopeBuildActionExecuter.execute(Lorg/gradle/internal/invocation/BuildAction;Lorg/gradle/initialization/BuildRequestContext;Lorg/gradle/launcher/exec/BuildActionParameters;Lorg/gradle/internal/service/ServiceRegistry;)Lorg/gradle/launcher/exec/BuildActionResult;+117
j  org.gradle.tooling.internal.provider.SessionScopeBuildActionExecuter.execute(Lorg/gradle/internal/invocation/BuildAction;Lorg/gradle/initialization/BuildRequestContext;Ljava/lang/Object;Lorg/gradle/internal/service/ServiceRegistry;)Lorg/gradle/launcher/exec/BuildActionResult;+9
j  org.gradle.tooling.internal.provider.GradleThreadBuildActionExecuter.execute(Lorg/gradle/internal/invocation/BuildAction;Lorg/gradle/initialization/BuildRequestContext;Lorg/gradle/launcher/exec/BuildActionParameters;Lorg/gradle/internal/service/ServiceRegistry;)Lorg/gradle/launcher/exec/BuildActionResult;+12
j  org.gradle.tooling.internal.provider.GradleThreadBuildActionExecuter.execute(Lorg/gradle/internal/invocation/BuildAction;Lorg/gradle/initialization/BuildRequestContext;Ljava/lang/Object;Lorg/gradle/internal/service/ServiceRegistry;)Lorg/gradle/launcher/exec/BuildActionResult;+9
j  org.gradle.tooling.internal.provider.ParallelismConfigurationBuildActionExecuter.execute(Lorg/gradle/internal/invocation/BuildAction;Lorg/gradle/initialization/BuildRequestContext;Lorg/gradle/launcher/exec/BuildActionParameters;Lorg/gradle/internal/service/ServiceRegistry;)Lorg/gradle/launcher/exec/BuildActionResult;+43
j  org.gradle.tooling.internal.provider.ParallelismConfigurationBuildActionExecuter.execute(Lorg/gradle/internal/invocation/BuildAction;Lorg/gradle/initialization/BuildRequestContext;Ljava/lang/Object;Lorg/gradle/internal/service/ServiceRegistry;)Lorg/gradle/launcher/exec/BuildActionResult;+9
j  org.gradle.tooling.internal.provider.StartParamsValidatingActionExecuter.execute(Lorg/gradle/internal/invocation/BuildAction;Lorg/gradle/initialization/BuildRequestContext;Lorg/gradle/launcher/exec/BuildActionParameters;Lorg/gradle/internal/service/ServiceRegistry;)Lorg/gradle/launcher/exec/BuildActionResult;+177
j  org.gradle.tooling.internal.provider.StartParamsValidatingActionExecuter.execute(Lorg/gradle/internal/invocation/BuildAction;Lorg/gradle/initialization/BuildRequestContext;Ljava/lang/Object;Lorg/gradle/internal/service/ServiceRegistry;)Lorg/gradle/launcher/exec/BuildActionResult;+9
j  org.gradle.tooling.internal.provider.SessionFailureReportingActionExecuter.execute(Lorg/gradle/internal/invocation/BuildAction;Lorg/gradle/initialization/BuildRequestContext;Lorg/gradle/launcher/exec/BuildActionParameters;Lorg/gradle/internal/service/ServiceRegistry;)Lorg/gradle/launcher/exec/BuildActionResult;+9
j  org.gradle.tooling.internal.provider.SessionFailureReportingActionExecuter.execute(Lorg/gradle/internal/invocation/BuildAction;Lorg/gradle/initialization/BuildRequestContext;Ljava/lang/Object;Lorg/gradle/internal/service/ServiceRegistry;)Lorg/gradle/launcher/exec/BuildActionResult;+9
j  org.gradle.tooling.internal.provider.SetupLoggingActionExecuter.execute(Lorg/gradle/internal/invocation/BuildAction;Lorg/gradle/initialization/BuildRequestContext;Lorg/gradle/launcher/exec/BuildActionParameters;Lorg/gradle/internal/service/ServiceRegistry;)Lorg/gradle/launcher/exec/BuildActionResult;+52
j  org.gradle.tooling.internal.provider.SetupLoggingActionExecuter.execute(Lorg/gradle/internal/invocation/BuildAction;Lorg/gradle/initialization/BuildRequestContext;Ljava/lang/Object;Lorg/gradle/internal/service/ServiceRegistry;)Lorg/gradle/launcher/exec/BuildActionResult;+9
j  org.gradle.launcher.daemon.server.exec.ExecuteBuild.doBuild(Lorg/gradle/launcher/daemon/server/api/DaemonCommandExecution;Lorg/gradle/launcher/daemon/protocol/Build;)V+118
j  org.gradle.launcher.daemon.server.exec.BuildCommandOnly.execute(Lorg/gradle/launcher/daemon/server/api/DaemonCommandExecution;)V+49
j  org.gradle.launcher.daemon.server.api.DaemonCommandExecution.proceed()Z+23
j  org.gradle.launcher.daemon.server.exec.WatchForDisconnection.execute(Lorg/gradle/launcher/daemon/server/api/DaemonCommandExecution;)V+19
j  org.gradle.launcher.daemon.server.api.DaemonCommandExecution.proceed()Z+23
j  org.gradle.launcher.daemon.server.exec.ResetDeprecationLogger.execute(Lorg/gradle/launcher/daemon/server/api/DaemonCommandExecution;)V+7
j  org.gradle.launcher.daemon.server.api.DaemonCommandExecution.proceed()Z+23
j  org.gradle.launcher.daemon.server.exec.RequestStopIfSingleUsedDaemon.execute(Lorg/gradle/launcher/daemon/server/api/DaemonCommandExecution;)V+33
j  org.gradle.launcher.daemon.server.api.DaemonCommandExecution.proceed()Z+23
j  org.gradle.launcher.daemon.server.exec.ForwardClientInput$2.create()Ljava/lang/Void;+4
j  org.gradle.launcher.daemon.server.exec.ForwardClientInput$2.create()Ljava/lang/Object;+1
j  org.gradle.util.Swapper.swap(Ljava/lang/Object;Lorg/gradle/internal/Factory;)Ljava/lang/Object;+21
j  org.gradle.launcher.daemon.server.exec.ForwardClientInput.execute(Lorg/gradle/launcher/daemon/server/api/DaemonCommandExecution;)V+63
j  org.gradle.launcher.daemon.server.api.DaemonCommandExecution.proceed()Z+23
j  org.gradle.launcher.daemon.server.exec.LogAndCheckHealth.execute(Lorg/gradle/launcher/daemon/server/api/DaemonCommandExecution;)V+28
j  org.gradle.launcher.daemon.server.api.DaemonCommandExecution.proceed()Z+23
j  org.gradle.launcher.daemon.server.exec.LogToClient.doBuild(Lorg/gradle/launcher/daemon/server/api/DaemonCommandExecution;Lorg/gradle/launcher/daemon/protocol/Build;)V+87
j  org.gradle.launcher.daemon.server.exec.BuildCommandOnly.execute(Lorg/gradle/launcher/daemon/server/api/DaemonCommandExecution;)V+49
j  org.gradle.launcher.daemon.server.api.DaemonCommandExecution.proceed()Z+23
j  org.gradle.launcher.daemon.server.exec.EstablishBuildEnvironment.doBuild(Lorg/gradle/launcher/daemon/server/api/DaemonCommandExecution;Lorg/gradle/launcher/daemon/protocol/Build;)V+351
j  org.gradle.launcher.daemon.server.exec.BuildCommandOnly.execute(Lorg/gradle/launcher/daemon/server/api/DaemonCommandExecution;)V+49
j  org.gradle.launcher.daemon.server.api.DaemonCommandExecution.proceed()Z+23
j  org.gradle.launcher.daemon.server.exec.StartBuildOrRespondWithBusy$1.run()V+44
j  org.gradle.launcher.daemon.server.DaemonStateCoordinator$1.run()V+4
j  org.gradle.internal.concurrent.ExecutorPolicy$CatchAndRecordFailures.onExecute(Ljava/lang/Runnable;)V+1
j  org.gradle.internal.concurrent.ManagedExecutorImpl$1.run()V+25
j  java.util.concurrent.ThreadPoolExecutor.runWorker(Ljava/util/concurrent/ThreadPoolExecutor$Worker;)V+95
j  java.util.concurrent.ThreadPoolExecutor$Worker.run()V+5
j  org.gradle.internal.concurrent.ThreadFactoryImpl$ManagedThreadRunnable.run()V+7
j  java.lang.Thread.run()V+11
v  ~StubRoutines::call_stub

---------------  P R O C E S S  ---------------

Java Threads: ( => current thread )
  0x00000000175e9000 JavaThread "Cache worker for cache directory md-rule (C:\Users\el-li\.gradle\caches\6.2\md-rule)" [_thread_blocked, id=9764, stack(0x000000001dfb0000,0x000000001e0b0000)]
  0x00000000175e7800 JavaThread "Cache worker for cache directory md-supplier (C:\Users\el-li\.gradle\caches\6.2\md-supplier)" [_thread_blocked, id=7188, stack(0x000000001cb70000,0x000000001cc70000)]
  0x00000000175ee000 JavaThread "Cache worker for file hash cache (F:\Documentos\PRESTEASY\presteasymobile\android\.gradle\6.2\fileHashes)" [_thread_blocked, id=12124, stack(0x000000001ca70000,0x000000001cb70000)]
  0x00000000175e7000 JavaThread "Cache worker for checksums cache (F:\Documentos\PRESTEASY\presteasymobile\android\.gradle\checksums)" [_thread_blocked, id=11168, stack(0x0000000019fd0000,0x000000001a0d0000)]
  0x00000000175ed000 JavaThread "Thread-22" [_thread_blocked, id=240, stack(0x0000000019ed0000,0x0000000019fd0000)]
  0x0000000018270800 JavaThread "Stdin handler" [_thread_blocked, id=8792, stack(0x0000000019dd0000,0x0000000019ed0000)]
  0x0000000018275000 JavaThread "Asynchronous log dispatcher for DefaultDaemonConnection: socket connection from /127.0.0.1:65454 to /127.0.0.1:65468" [_thread_blocked, id=10716, stack(0x0000000019bd0000,0x0000000019cd0000)]
  0x0000000018272000 JavaThread "Cancel handler" [_thread_blocked, id=9144, stack(0x00000000016e0000,0x00000000017e0000)]
  0x0000000018271800 JavaThread "Handler for socket connection from /127.0.0.1:65454 to /127.0.0.1:65468" [_thread_in_native, id=12252, stack(0x00000000014e0000,0x00000000015e0000)]
  0x0000000018273000 JavaThread "Cache worker for execution history cache (C:\Users\el-li\.gradle\caches\6.2\executionHistory)" [_thread_blocked, id=11808, stack(0x000000001deb0000,0x000000001dfb0000)]
  0x0000000018274800 JavaThread "Cache worker for file hash cache (C:\Users\el-li\.gradle\caches\6.2\fileHashes)" [_thread_blocked, id=13160, stack(0x000000001a4d0000,0x000000001a5d0000)]
  0x000000001826f800 JavaThread "File lock request listener" [_thread_in_native, id=12256, stack(0x000000001a3d0000,0x000000001a4d0000)]
  0x000000001826f000 JavaThread "Cache worker for journal cache (C:\Users\el-li\.gradle\caches\journal-1)" [_thread_blocked, id=4820, stack(0x000000001a2d0000,0x000000001a3d0000)]
=>0x000000001804e000 JavaThread "Daemon worker" [_thread_in_Java, id=8084, stack(0x0000000019cd0000,0x0000000019dd0000)]
  0x0000000018047000 JavaThread "Daemon" [_thread_blocked, id=9744, stack(0x00000000197d0000,0x00000000198d0000)]
  0x00000000181f4000 JavaThread "Daemon periodic checks" [_thread_blocked, id=4828, stack(0x00000000196d0000,0x00000000197d0000)]
  0x0000000018197800 JavaThread "Incoming local TCP Connector on port 65454" [_thread_in_native, id=5664, stack(0x0000000016720000,0x0000000016820000)]
  0x00000000180ad000 JavaThread "Daemon health stats" [_thread_blocked, id=11708, stack(0x0000000016620000,0x0000000016720000)]
  0x0000000016053000 JavaThread "Service Thread" daemon [_thread_blocked, id=2740, stack(0x0000000016420000,0x0000000016520000)]
  0x00000000146b0800 JavaThread "C1 CompilerThread2" daemon [_thread_blocked, id=4124, stack(0x0000000015f20000,0x0000000016020000)]
  0x00000000146af000 JavaThread "C2 CompilerThread1" daemon [_thread_blocked, id=8076, stack(0x0000000015e20000,0x0000000015f20000)]
  0x00000000146b3000 JavaThread "C2 CompilerThread0" daemon [_thread_blocked, id=368, stack(0x0000000015d20000,0x0000000015e20000)]
  0x00000000146a7000 JavaThread "Attach Listener" daemon [_thread_blocked, id=10560, stack(0x0000000015c20000,0x0000000015d20000)]
  0x00000000146a6000 JavaThread "Signal Dispatcher" daemon [_thread_blocked, id=3924, stack(0x0000000015b20000,0x0000000015c20000)]
  0x000000000327b800 JavaThread "Finalizer" daemon [_thread_blocked, id=13124, stack(0x0000000015900000,0x0000000015a00000)]
  0x0000000014689800 JavaThread "Reference Handler" daemon [_thread_blocked, id=2708, stack(0x0000000015800000,0x0000000015900000)]
  0x0000000003182800 JavaThread "main" [_thread_blocked, id=3756, stack(0x0000000003060000,0x0000000003160000)]

Other Threads:
  0x0000000014668000 VMThread [stack: 0x0000000015700000,0x0000000015800000] [id=10276]
  0x0000000016053800 WatcherThread [stack: 0x0000000016520000,0x0000000016620000] [id=8572]

VM state:not at safepoint (normal execution)

VM Mutex/Monitor currently owned by a thread: None

heap address: 0x00000000e0000000, size: 512 MB, Compressed Oops mode: 32-bit
Narrow klass base: 0x0000000000000000, Narrow klass shift: 3
Compressed class space size: 1073741824 Address: 0x0000000100000000

Heap:
 PSYoungGen      total 118272K, used 52862K [0x00000000f5580000, 0x0000000100000000, 0x0000000100000000)
  eden space 105472K, 50% used [0x00000000f5580000,0x00000000f891fa18,0x00000000fbc80000)
  from space 12800K, 0% used [0x00000000fbc80000,0x00000000fbc80000,0x00000000fc900000)
  to   space 12288K, 0% used [0x00000000ff400000,0x00000000ff400000,0x0000000100000000)
 ParOldGen       total 175104K, used 15041K [0x00000000e0000000, 0x00000000eab00000, 0x00000000f5580000)
  object space 175104K, 8% used [0x00000000e0000000,0x00000000e0eb0650,0x00000000eab00000)
 Metaspace       used 36514K, capacity 37656K, committed 37888K, reserved 1081344K
  class space    used 5002K, capacity 5338K, committed 5376K, reserved 1048576K

Card table byte_map: [0x0000000012640000,0x0000000012750000] byte_map_base: 0x0000000011f40000

Marking Bits: (ParMarkBitMap*) 0x00000000526b3420
 Begin Bits: [0x0000000012c00000, 0x0000000013400000)
 End Bits:   [0x0000000013400000, 0x0000000013c00000)

Polling page: 0x0000000001300000

CodeCache: size=245760Kb used=11122Kb max_used=11531Kb free=234637Kb
 bounds [0x0000000003280000, 0x0000000003dd0000, 0x0000000012280000]
 total_blobs=3680 nmethods=2969 adapters=623
 compilation: enabled

Compilation events (10 events):
Event: 70.336 Thread 0x00000000146b0800 nmethod 3329 0x00000000034b8d50 code [0x00000000034b9040, 0x00000000034ba5d8]
Event: 70.336 Thread 0x00000000146b3000 nmethod 3335 0x000000000347ecd0 code [0x000000000347ee00, 0x000000000347ee58]
Event: 70.336 Thread 0x00000000146b0800 3331       3       java.util.ArrayDeque::getFirst (24 bytes)
Event: 70.336 Thread 0x00000000146b0800 nmethod 3331 0x000000000366ba10 code [0x000000000366bb80, 0x000000000366be08]
Event: 70.336 Thread 0x00000000146b0800 3330       3       org.gradle.model.internal.registry.DefaultModelRegistry$TransitionNodeToState::getTargetState (8 bytes)
Event: 70.336 Thread 0x00000000146b0800 nmethod 3330 0x00000000034655d0 code [0x0000000003465720, 0x0000000003465870]
Event: 70.336 Thread 0x00000000146b0800 3332       1       org.gradle.model.internal.registry.DefaultModelRegistry::access$500 (5 bytes)
Event: 70.336 Thread 0x00000000146b0800 nmethod 3332 0x0000000003465310 code [0x0000000003465460, 0x0000000003465550]
Event: 70.336 Thread 0x00000000146b0800 3334       1       com.google.common.collect.Synchronized$SynchronizedObject::delegate (5 bytes)
Event: 70.336 Thread 0x00000000146b0800 nmethod 3334 0x0000000003465050 code [0x00000000034651a0, 0x00000000034652b0]

GC Heap History (10 events):
Event: 4.554 GC heap before
{Heap before GC invocations=5 (full 1):
 PSYoungGen      total 76288K, used 7305K [0x00000000f5580000, 0x00000000fea80000, 0x0000000100000000)
  eden space 65536K, 0% used [0x00000000f5580000,0x00000000f5580000,0x00000000f9580000)
  from space 10752K, 67% used [0x00000000fa000000,0x00000000fa722408,0x00000000faa80000)
  to   space 10752K, 0% used [0x00000000f9580000,0x00000000f9580000,0x00000000fa000000)
 ParOldGen       total 175104K, used 535K [0x00000000e0000000, 0x00000000eab00000, 0x00000000f5580000)
  object space 175104K, 0% used [0x00000000e0000000,0x00000000e0085c20,0x00000000eab00000)
 Metaspace       used 20663K, capacity 21226K, committed 21296K, reserved 1067008K
  class space    used 2975K, capacity 3131K, committed 3200K, reserved 1048576K
Event: 4.595 GC heap after
Heap after GC invocations=5 (full 1):
 PSYoungGen      total 76288K, used 0K [0x00000000f5580000, 0x00000000fea80000, 0x0000000100000000)
  eden space 65536K, 0% used [0x00000000f5580000,0x00000000f5580000,0x00000000f9580000)
  from space 10752K, 0% used [0x00000000fa000000,0x00000000fa000000,0x00000000faa80000)
  to   space 10752K, 0% used [0x00000000f9580000,0x00000000f9580000,0x00000000fa000000)
 ParOldGen       total 175104K, used 7155K [0x00000000e0000000, 0x00000000eab00000, 0x00000000f5580000)
  object space 175104K, 4% used [0x00000000e0000000,0x00000000e06fcce0,0x00000000eab00000)
 Metaspace       used 20663K, capacity 21226K, committed 21296K, reserved 1067008K
  class space    used 2975K, capacity 3131K, committed 3200K, reserved 1048576K
}
Event: 5.806 GC heap before
{Heap before GC invocations=6 (full 1):
 PSYoungGen      total 76288K, used 65536K [0x00000000f5580000, 0x00000000fea80000, 0x0000000100000000)
  eden space 65536K, 100% used [0x00000000f5580000,0x00000000f9580000,0x00000000f9580000)
  from space 10752K, 0% used [0x00000000fa000000,0x00000000fa000000,0x00000000faa80000)
  to   space 10752K, 0% used [0x00000000f9580000,0x00000000f9580000,0x00000000fa000000)
 ParOldGen       total 175104K, used 7155K [0x00000000e0000000, 0x00000000eab00000, 0x00000000f5580000)
  object space 175104K, 4% used [0x00000000e0000000,0x00000000e06fcce0,0x00000000eab00000)
 Metaspace       used 29148K, capacity 29890K, committed 30080K, reserved 1075200K
  class space    used 3976K, capacity 4169K, committed 4224K, reserved 1048576K
Event: 5.816 GC heap after
Heap after GC invocations=6 (full 1):
 PSYoungGen      total 76288K, used 8373K [0x00000000f5580000, 0x00000000fd600000, 0x0000000100000000)
  eden space 65536K, 0% used [0x00000000f5580000,0x00000000f5580000,0x00000000f9580000)
  from space 10752K, 77% used [0x00000000f9580000,0x00000000f9dad560,0x00000000fa000000)
  to   space 11776K, 0% used [0x00000000fca80000,0x00000000fca80000,0x00000000fd600000)
 ParOldGen       total 175104K, used 7163K [0x00000000e0000000, 0x00000000eab00000, 0x00000000f5580000)
  object space 175104K, 4% used [0x00000000e0000000,0x00000000e06fece0,0x00000000eab00000)
 Metaspace       used 29148K, capacity 29890K, committed 30080K, reserved 1075200K
  class space    used 3976K, capacity 4169K, committed 4224K, reserved 1048576K
}
Event: 10.517 GC heap before
{Heap before GC invocations=7 (full 1):
 PSYoungGen      total 76288K, used 73909K [0x00000000f5580000, 0x00000000fd600000, 0x0000000100000000)
  eden space 65536K, 100% used [0x00000000f5580000,0x00000000f9580000,0x00000000f9580000)
  from space 10752K, 77% used [0x00000000f9580000,0x00000000f9dad560,0x00000000fa000000)
  to   space 11776K, 0% used [0x00000000fca80000,0x00000000fca80000,0x00000000fd600000)
 ParOldGen       total 175104K, used 7163K [0x00000000e0000000, 0x00000000eab00000, 0x00000000f5580000)
  object space 175104K, 4% used [0x00000000e0000000,0x00000000e06fece0,0x00000000eab00000)
 Metaspace       used 33662K, capacity 34544K, committed 34688K, reserved 1079296K
  class space    used 4628K, capacity 4874K, committed 4992K, reserved 1048576K
Event: 10.529 GC heap after
Heap after GC invocations=7 (full 1):
 PSYoungGen      total 115712K, used 11060K [0x00000000f5580000, 0x00000000fd580000, 0x0000000100000000)
  eden space 104448K, 0% used [0x00000000f5580000,0x00000000f5580000,0x00000000fbb80000)
  from space 11264K, 98% used [0x00000000fca80000,0x00000000fd54d348,0x00000000fd580000)
  to   space 12800K, 0% used [0x00000000fbc80000,0x00000000fbc80000,0x00000000fc900000)
 ParOldGen       total 175104K, used 7171K [0x00000000e0000000, 0x00000000eab00000, 0x00000000f5580000)
  object space 175104K, 4% used [0x00000000e0000000,0x00000000e0700ce0,0x00000000eab00000)
 Metaspace       used 33662K, capacity 34544K, committed 34688K, reserved 1079296K
  class space    used 4628K, capacity 4874K, committed 4992K, reserved 1048576K
}
Event: 10.633 GC heap before
{Heap before GC invocations=8 (full 1):
 PSYoungGen      total 115712K, used 16848K [0x00000000f5580000, 0x00000000fd580000, 0x0000000100000000)
  eden space 104448K, 5% used [0x00000000f5580000,0x00000000f5b26db8,0x00000000fbb80000)
  from space 11264K, 98% used [0x00000000fca80000,0x00000000fd54d348,0x00000000fd580000)
  to   space 12800K, 0% used [0x00000000fbc80000,0x00000000fbc80000,0x00000000fc900000)
 ParOldGen       total 175104K, used 7171K [0x00000000e0000000, 0x00000000eab00000, 0x00000000f5580000)
  object space 175104K, 4% used [0x00000000e0000000,0x00000000e0700ce0,0x00000000eab00000)
 Metaspace       used 34550K, capacity 35414K, committed 35456K, reserved 1079296K
  class space    used 4717K, capacity 4971K, committed 4992K, reserved 1048576K
Event: 10.645 GC heap after
Heap after GC invocations=8 (full 1):
 PSYoungGen      total 118272K, used 8616K [0x00000000f5580000, 0x0000000100000000, 0x0000000100000000)
  eden space 105472K, 0% used [0x00000000f5580000,0x00000000f5580000,0x00000000fbc80000)
  from space 12800K, 67% used [0x00000000fbc80000,0x00000000fc4ea110,0x00000000fc900000)
  to   space 12288K, 0% used [0x00000000ff400000,0x00000000ff400000,0x0000000100000000)
 ParOldGen       total 175104K, used 7179K [0x00000000e0000000, 0x00000000eab00000, 0x00000000f5580000)
  object space 175104K, 4% used [0x00000000e0000000,0x00000000e0702ce0,0x00000000eab00000)
 Metaspace       used 34550K, capacity 35414K, committed 35456K, reserved 1079296K
  class space    used 4717K, capacity 4971K, committed 4992K, reserved 1048576K
}
Event: 10.645 GC heap before
{Heap before GC invocations=9 (full 2):
 PSYoungGen      total 118272K, used 8616K [0x00000000f5580000, 0x0000000100000000, 0x0000000100000000)
  eden space 105472K, 0% used [0x00000000f5580000,0x00000000f5580000,0x00000000fbc80000)
  from space 12800K, 67% used [0x00000000fbc80000,0x00000000fc4ea110,0x00000000fc900000)
  to   space 12288K, 0% used [0x00000000ff400000,0x00000000ff400000,0x0000000100000000)
 ParOldGen       total 175104K, used 7179K [0x00000000e0000000, 0x00000000eab00000, 0x00000000f5580000)
  object space 175104K, 4% used [0x00000000e0000000,0x00000000e0702ce0,0x00000000eab00000)
 Metaspace       used 34550K, capacity 35414K, committed 35456K, reserved 1079296K
  class space    used 4717K, capacity 4971K, committed 4992K, reserved 1048576K
Event: 10.703 GC heap after
Heap after GC invocations=9 (full 2):
 PSYoungGen      total 118272K, used 0K [0x00000000f5580000, 0x0000000100000000, 0x0000000100000000)
  eden space 105472K, 0% used [0x00000000f5580000,0x00000000f5580000,0x00000000fbc80000)
  from space 12800K, 0% used [0x00000000fbc80000,0x00000000fbc80000,0x00000000fc900000)
  to   space 12288K, 0% used [0x00000000ff400000,0x00000000ff400000,0x0000000100000000)
 ParOldGen       total 175104K, used 15041K [0x00000000e0000000, 0x00000000eab00000, 0x00000000f5580000)
  object space 175104K, 8% used [0x00000000e0000000,0x00000000e0eb0650,0x00000000eab00000)
 Metaspace       used 34550K, capacity 35414K, committed 35456K, reserved 1079296K
  class space    used 4717K, capacity 4971K, committed 4992K, reserved 1048576K
}

Deoptimization events (10 events):
Event: 11.143 Thread 0x000000001804e000 Uncommon trap: reason=class_check action=maybe_recompile pc=0x00000000036f8fcc method=org.gradle.internal.logging.text.AbstractLineChoppingStyledTextOutput$StateContext.flushLineText()V @ 110
Event: 11.143 Thread 0x000000001804e000 Uncommon trap: reason=class_check action=maybe_recompile pc=0x00000000036f8fcc method=org.gradle.internal.logging.text.AbstractLineChoppingStyledTextOutput$StateContext.flushLineText()V @ 110
Event: 11.144 Thread 0x000000001804e000 Uncommon trap: reason=class_check action=maybe_recompile pc=0x00000000036f8fcc method=org.gradle.internal.logging.text.AbstractLineChoppingStyledTextOutput$StateContext.flushLineText()V @ 110
Event: 11.165 Thread 0x000000001804e000 Uncommon trap: reason=unstable_if action=reinterpret pc=0x000000000369385c method=java.util.concurrent.ConcurrentHashMap.putVal(Ljava/lang/Object;Ljava/lang/Object;Z)Ljava/lang/Object; @ 206
Event: 11.178 Thread 0x000000001804e000 Uncommon trap: reason=class_check action=maybe_recompile pc=0x00000000033f5fd4 method=java.lang.String.equals(Ljava/lang/Object;)Z @ 8
Event: 11.178 Thread 0x000000001804e000 Uncommon trap: reason=class_check action=maybe_recompile pc=0x00000000033f5fd4 method=java.lang.String.equals(Ljava/lang/Object;)Z @ 8
Event: 11.178 Thread 0x000000001804e000 Uncommon trap: reason=class_check action=maybe_recompile pc=0x00000000033f5fd4 method=java.lang.String.equals(Ljava/lang/Object;)Z @ 8
Event: 11.178 Thread 0x000000001804e000 Uncommon trap: reason=class_check action=maybe_recompile pc=0x00000000033f5fd4 method=java.lang.String.equals(Ljava/lang/Object;)Z @ 8
Event: 11.183 Thread 0x000000001804e000 Uncommon trap: reason=unstable_if action=reinterpret pc=0x0000000003c0d380 method=java.lang.Class.arrayContentsEq([Ljava/lang/Object;[Ljava/lang/Object;)Z @ 1
Event: 70.304 Thread 0x000000001804e000 Uncommon trap: reason=unstable_if action=reinterpret pc=0x0000000003bd1194 method=java.io.BufferedReader.readLine(Z)Ljava/lang/String; @ 192

Classes redefined (0 events):
No events

Internal exceptions (10 events):
Event: 11.115 Thread 0x000000001804e000 Exception <a 'java/lang/ClassNotFoundException': java/io/SerializableCustomizer> (0x00000000f7866d88) thrown at [C:\cygwin64\tmp\build\source\java-1.8.0-openjdk\tmp\jdk8u\hotspot\src\share\vm\classfile\systemDictionary.cpp, line 217]
Event: 11.116 Thread 0x000000001804e000 Exception <a 'java/lang/reflect/InvocationTargetException'> (0x00000000f786a0f8) thrown at [C:\cygwin64\tmp\build\source\java-1.8.0-openjdk\tmp\jdk8u\hotspot\src\share\vm\runtime\reflection.cpp, line 1092]
Event: 11.117 Thread 0x000000001804e000 Exception <a 'java/lang/reflect/InvocationTargetException'> (0x00000000f7870e90) thrown at [C:\cygwin64\tmp\build\source\java-1.8.0-openjdk\tmp\jdk8u\hotspot\src\share\vm\runtime\reflection.cpp, line 1092]
Event: 11.117 Thread 0x000000001804e000 Exception <a 'java/lang/reflect/InvocationTargetException'> (0x00000000f78725c0) thrown at [C:\cygwin64\tmp\build\source\java-1.8.0-openjdk\tmp\jdk8u\hotspot\src\share\vm\runtime\reflection.cpp, line 1092]
Event: 11.183 Thread 0x000000001804e000 Implicit null exception at 0x0000000003c0d0ea to 0x0000000003c0d355
Event: 11.297 Thread 0x0000000018047000 Exception <a 'java/lang/NoSuchMethodError': <clinit>> (0x00000000f7fc7e48) thrown at [C:\cygwin64\tmp\build\source\java-1.8.0-openjdk\tmp\jdk8u\hotspot\src\share\vm\prims\jni.cpp, line 1616]
Event: 11.299 Thread 0x0000000018047000 Exception <a 'java/lang/NoSuchMethodError': <clinit>> (0x00000000f7fd78b0) thrown at [C:\cygwin64\tmp\build\source\java-1.8.0-openjdk\tmp\jdk8u\hotspot\src\share\vm\prims\jni.cpp, line 1616]
Event: 11.300 Thread 0x0000000018047000 Exception <a 'java/lang/NoSuchMethodError': <clinit>> (0x00000000f7fd9d60) thrown at [C:\cygwin64\tmp\build\source\java-1.8.0-openjdk\tmp\jdk8u\hotspot\src\share\vm\prims\jni.cpp, line 1616]
Event: 11.301 Thread 0x0000000018047000 Exception <a 'java/lang/NoSuchMethodError': <clinit>> (0x00000000f7fe9f00) thrown at [C:\cygwin64\tmp\build\source\java-1.8.0-openjdk\tmp\jdk8u\hotspot\src\share\vm\prims\jni.cpp, line 1616]
Event: 11.302 Thread 0x0000000018047000 Exception <a 'java/lang/NoSuchMethodError': <clinit>> (0x00000000f7ff52f0) thrown at [C:\cygwin64\tmp\build\source\java-1.8.0-openjdk\tmp\jdk8u\hotspot\src\share\vm\prims\jni.cpp, line 1616]

Events (10 events):
Event: 67.543 Executing VM operation: BulkRevokeBias done
Event: 67.544 Thread 0x00000000175e7800 Thread added: 0x00000000175e7800
Event: 67.548 Thread 0x00000000175e9000 Thread added: 0x00000000175e9000
Event: 70.304 Thread 0x000000001804e000 Uncommon trap: trap_request=0xffffff65 fr.pc=0x0000000003bd1194
Event: 70.304 Executing VM operation: RevokeBias
Event: 70.304 Executing VM operation: RevokeBias done
Event: 70.304 Thread 0x000000001804e000 DEOPT PACKING pc=0x0000000003bd1194 sp=0x0000000019dca4c0
Event: 70.304 Thread 0x000000001804e000 DEOPT UNPACKING pc=0x00000000032c557b sp=0x0000000019dca4b0 mode 2
Event: 70.330 Thread 0x000000001804e000 DEOPT PACKING pc=0x0000000003b43368 sp=0x0000000019dcc0f0
Event: 70.330 Thread 0x000000001804e000 DEOPT UNPACKING pc=0x00000000032c75d0 sp=0x0000000019dcbf40 mode 0


Dynamic libraries:
0x00007ff76d840000 - 0x00007ff76d875000 	C:\Program Files\OpenJDK\openjdk-8u282-b08\bin\java.exe
0x00007ffb999a0000 - 0x00007ffb99b90000 	C:\Windows\SYSTEM32\ntdll.dll
0x00007ffb991c0000 - 0x00007ffb99272000 	C:\Windows\System32\KERNEL32.DLL
0x00007ffb96af0000 - 0x00007ffb96d95000 	C:\Windows\System32\KERNELBASE.dll
0x00007ffb99060000 - 0x00007ffb99103000 	C:\Windows\System32\ADVAPI32.dll
0x00007ffb99110000 - 0x00007ffb991ae000 	C:\Windows\System32\msvcrt.dll
0x00007ffb98630000 - 0x00007ffb986c7000 	C:\Windows\System32\sechost.dll
0x00007ffb99280000 - 0x00007ffb9939f000 	C:\Windows\System32\RPCRT4.dll
0x00007ffb99670000 - 0x00007ffb99804000 	C:\Windows\System32\USER32.dll
0x00007ffb96da0000 - 0x00007ffb96dc1000 	C:\Windows\System32\win32u.dll
0x00007ffb99560000 - 0x00007ffb99586000 	C:\Windows\System32\GDI32.dll
0x00007ffb96920000 - 0x00007ffb96ab8000 	C:\Windows\System32\gdi32full.dll
0x00007ffb977b0000 - 0x00007ffb9784e000 	C:\Windows\System32\msvcp_win.dll
0x00007ffb97570000 - 0x00007ffb9766a000 	C:\Windows\System32\ucrtbase.dll
0x00007ffb8bc30000 - 0x00007ffb8beb4000 	C:\Windows\WinSxS\amd64_microsoft.windows.common-controls_6595b64144ccf1df_6.0.18362.1379_none_9e7ff3b3e45cc0c4\COMCTL32.dll
0x00007ffb97ac0000 - 0x00007ffb97df7000 	C:\Windows\System32\combase.dll
0x00007ffb97670000 - 0x00007ffb976f1000 	C:\Windows\System32\bcryptPrimitives.dll
0x00007ffb98e90000 - 0x00007ffb98ebe000 	C:\Windows\System32\IMM32.DLL
0x0000000052740000 - 0x0000000052812000 	C:\Program Files\OpenJDK\openjdk-8u282-b08\jre\bin\msvcr100.dll
0x0000000051ea0000 - 0x0000000052735000 	C:\Program Files\OpenJDK\openjdk-8u282-b08\jre\bin\server\jvm.dll
0x00007ffb98550000 - 0x00007ffb98558000 	C:\Windows\System32\PSAPI.DLL
0x00007ffb89f70000 - 0x00007ffb89f79000 	C:\Windows\SYSTEM32\WSOCK32.dll
0x00007ffb94820000 - 0x00007ffb94844000 	C:\Windows\SYSTEM32\WINMM.dll
0x00007ffb8fc90000 - 0x00007ffb8fc9a000 	C:\Windows\SYSTEM32\VERSION.dll
0x00007ffb985c0000 - 0x00007ffb9862f000 	C:\Windows\System32\WS2_32.dll
0x00007ffb94350000 - 0x00007ffb9437d000 	C:\Windows\SYSTEM32\WINMMBASE.dll
0x00007ffb97850000 - 0x00007ffb9789a000 	C:\Windows\System32\cfgmgr32.dll
0x00007ffb89ef0000 - 0x00007ffb89eff000 	C:\Program Files\OpenJDK\openjdk-8u282-b08\jre\bin\verify.dll
0x00007ffb6e300000 - 0x00007ffb6e329000 	C:\Program Files\OpenJDK\openjdk-8u282-b08\jre\bin\java.dll
0x00007ffb67410000 - 0x00007ffb67426000 	C:\Program Files\OpenJDK\openjdk-8u282-b08\jre\bin\zip.dll
0x00007ffb97e60000 - 0x00007ffb98548000 	C:\Windows\System32\SHELL32.dll
0x00007ffb98b40000 - 0x00007ffb98be7000 	C:\Windows\System32\shcore.dll
0x00007ffb96dd0000 - 0x00007ffb9754b000 	C:\Windows\System32\windows.storage.dll
0x00007ffb96880000 - 0x00007ffb968a3000 	C:\Windows\System32\profapi.dll
0x00007ffb968d0000 - 0x00007ffb9691a000 	C:\Windows\System32\powrprof.dll
0x00007ffb96850000 - 0x00007ffb96860000 	C:\Windows\System32\UMPDC.dll
0x00007ffb97e00000 - 0x00007ffb97e52000 	C:\Windows\System32\shlwapi.dll
0x00007ffb96860000 - 0x00007ffb96871000 	C:\Windows\System32\kernel.appcore.dll
0x00007ffb97550000 - 0x00007ffb97567000 	C:\Windows\System32\cryptsp.dll
0x00007ffb66060000 - 0x00007ffb6607b000 	C:\Program Files\OpenJDK\openjdk-8u282-b08\jre\bin\net.dll
0x00007ffb96030000 - 0x00007ffb96097000 	C:\Windows\system32\mswsock.dll
0x00007ffb60830000 - 0x00007ffb60842000 	C:\Program Files\OpenJDK\openjdk-8u282-b08\jre\bin\nio.dll
0x00007ffb5ef50000 - 0x00007ffb5ef7a000 	C:\Users\el-li\.gradle\native\36\windows-amd64\native-platform.dll
0x00007ffb7aad0000 - 0x00007ffb7aadd000 	C:\Program Files\OpenJDK\openjdk-8u282-b08\jre\bin\management.dll
0x00007ffb95bb0000 - 0x00007ffb95be3000 	C:\Windows\system32\rsaenh.dll
0x00007ffb96ac0000 - 0x00007ffb96ae6000 	C:\Windows\System32\bcrypt.dll
0x00007ffb96770000 - 0x00007ffb96795000 	C:\Windows\SYSTEM32\USERENV.dll
0x00007ffb96200000 - 0x00007ffb9620c000 	C:\Windows\SYSTEM32\CRYPTBASE.dll
0x00007ffb95d40000 - 0x00007ffb95d7a000 	C:\Windows\SYSTEM32\IPHLPAPI.DLL
0x00007ffb991b0000 - 0x00007ffb991b8000 	C:\Windows\System32\NSI.dll
0x00007ffb91180000 - 0x00007ffb91196000 	C:\Windows\SYSTEM32\dhcpcsvc6.DLL
0x00007ffb913c0000 - 0x00007ffb913dc000 	C:\Windows\SYSTEM32\dhcpcsvc.DLL
0x00007ffb95d80000 - 0x00007ffb95e4b000 	C:\Windows\SYSTEM32\DNSAPI.dll
0x00007ffb8a6b0000 - 0x00007ffb8a8a4000 	C:\Windows\SYSTEM32\dbghelp.dll

VM Arguments:
jvm_args: -XX:MaxMetaspaceSize=256m -XX:+HeapDumpOnOutOfMemoryError -Xms256m -Xmx512m -Dfile.encoding=windows-1252 -Duser.country=MX -Duser.language=es -Duser.variant 
java_command: org.gradle.launcher.daemon.bootstrap.GradleDaemon 6.2
java_class_path (initial): C:\Users\el-li\.gradle\wrapper\dists\gradle-6.2-all\dvufqs6kielxeao781pmk5huj\gradle-6.2\lib\gradle-launcher-6.2.jar
Launcher Type: SUN_STANDARD

Environment Variables:
JAVA_HOME=C:\Program Files\OpenJDK\openjdk-8u282-b08
CLASSPATH=F:\Documentos\PRESTEASY\presteasymobile\android\\gradle\wrapper\gradle-wrapper.jar
PATH=C:\Windows\system32;C:\Windows;C:\Windows\System32\Wbem;C:\Windows\System32\WindowsPowerShell\v1.0\;C:\Windows\System32\OpenSSH\;F:\;C:\Program Files\Git\cmd;F:\Program Files\AMD\ATI.ACE\Core-Static;F:\Program Files\Microsoft SQL Server\Client SDK\ODBC\170\Tools\Binn\;F:\xampp\php;F:\composer;C:\Program Files\dotnet\;C:\Program Files (x86)\dotnet\;C:\Program Files (x86)\MySQL\MySQL Server 5.1\bin;C:\Program Files\Azure Data Studio\bin;C:\Program Files (x86)\Microsoft SQL Server\150\Tools\Binn\;F:\Program Files\Microsoft SQL Server\150\Tools\Binn\;F:\Program Files\Microsoft SQL Server\150\DTS\Binn\;C:\Program Files (x86)\Microsoft SQL Server\150\DTS\Binn\;C:\ProgramData\chocolatey\bin;C:\Program Files\OpenJDK\openjdk-8u282-b08\bin;C:\Users\el-li\AppData\Local\Android\Sdk\platform-tools;C:\Users\el-li\AppData\Local\Microsoft\WindowsApps;C:\Users\el-li\AppData\Roaming\npm;F:\Microsoft VS Code\bin;C:\Users\el-li\AppData\Local\Android\Sdk\emulator;C:\Users\el-li\AppData\Local\Android\Sdk\platform-tools;C:\Users\el-li\AppData\Local\Android\Sdk\tools;F:\Program Files\Android\Android Studio\jre\bin;C:\Users\el-li\AppData\Local\Android\Sdk;C:\Program Files\heroku\bin;F:\Flutter\flutter\bin;C:\Users\el-li\AppData\Roaming\Composer\vendor\bin;C:\Users\el-li\.dotnet\tools;C:\Users\el-li\AppData\Local\gitkraken\bin;C:\Program Files\Azure Data Studio\bin
USERNAME=el-li
OS=Windows_NT
PROCESSOR_IDENTIFIER=Intel64 Family 6 Model 58 Stepping 9, GenuineIntel



---------------  S Y S T E M  ---------------

OS: Windows 10.0 , 64 bit Build 18362 (10.0.18362.1350)

CPU:total 4 (initial active 4) (2 cores per cpu, 2 threads per core) family 6 model 58 stepping 9, cmov, cx8, fxsr, mmx, sse, sse2, sse3, ssse3, sse4.1, sse4.2, popcnt, avx, clmul, erms, ht, tsc, tscinvbit, tscinv

Memory: 4k page, physical 8357984k(3287252k free), swap 14649440k(5021592k free)

vm_info: OpenJDK 64-Bit Server VM (25.282-b08) for windows-amd64 JRE (1.8.0_282-b08), built on Jan 11 2021 12:17:07 by "build" with MS VC++ 10.0 (VS2010)

time: Wed Mar 03 11:05:17 2021
timezone: Hora estndar oeste, Sudamrica
elapsed time: 70.358656 seconds (0d 0h 1m 10s)

